<?xml version="1.0" encoding="UTF-8"?>
<!-- Generated by org.testng.reporters.JUnitReportReporter -->
<testsuite hostname="LAPTOP-AMUREFUO" failures="0" tests="2" name="Lotus.SeleniumFrameworkDesign.test.StandAloneTest" time="6.107" errors="0" timestamp="2022-10-25T19:24:05 IST" skipped="0">
  <testcase classname="Lotus.SeleniumFrameworkDesign.test.StandAloneTest" name="submitorder" time="4.218"/>
  <system-out/>
  <testcase classname="Lotus.SeleniumFrameworkDesign.test.StandAloneTest" name="Orderhistory" time="1.889"/>
  <system-out/>
</testsuite> <!-- Lotus.SeleniumFrameworkDesign.test.StandAloneTest -->
