<?xml version="1.0" encoding="UTF-8"?>
<!-- Generated by org.testng.reporters.JUnitReportReporter -->
<testsuite hostname="LAPTOP-AMUREFUO" failures="0" tests="2" name="Lotus.SeleniumFrameworkDesign.test.ErrorVlidations" time="34.719" errors="0" timestamp="2022-10-25T19:24:05 IST" skipped="0">
  <testcase classname="Lotus.SeleniumFrameworkDesign.test.ErrorVlidations" name="LoginerrorValidation" time="18.073"/>
  <system-out/>
  <testcase classname="Lotus.SeleniumFrameworkDesign.test.ErrorVlidations" name="ProductErrorValidation" time="16.646"/>
  <system-out/>
</testsuite> <!-- Lotus.SeleniumFrameworkDesign.test.ErrorVlidations -->
